2026-06-22 12:40:10,198 - HVS-MainCore [INFO] (MainThread) - assembly_composite:53 - Directorio temporal de imagenes preparado: /home/sergio/Documentos/Refactor-Hollymatic/test-deploy/HVS-Balena V3 (Prueba)/app/temporal/images
2026-06-22 12:40:10,517 - HVS-MainCore [INFO] (MainThread) - assembly_composite:212 - PDF comparativo generado (3 secciones) en /home/sergio/Documentos/Refactor-Hollymatic/test-deploy/HVS-Balena V3 (Prueba)/app/temporal/images/2026-06-22/composite.pdf
2026-06-22 12:47:49,200 - HVS-MainCore [INFO] (MainThread) - assembly_composite:53 - Directorio temporal de imagenes preparado: /home/sergio/Documentos/Refactor-Hollymatic/test-deploy/HVS-Balena V3 (Prueba)/app/temporal/images
2026-06-22 12:47:49,200 - HVS-MainCore [INFO] (MainThread) - assembly_composite:72 - Frame de vista 'frontal' guardado en /home/sergio/Documentos/Refactor-Hollymatic/test-deploy/HVS-Balena V3 (Prueba)/app/temporal/images/2026-06-22/frontal.jpeg
2026-06-22 12:47:49,200 - HVS-MainCore [INFO] (MainThread) - assembly_composite:72 - Frame de vista 'backward' guardado en /home/sergio/Documentos/Refactor-Hollymatic/test-deploy/HVS-Balena V3 (Prueba)/app/temporal/images/2026-06-22/backward.jpeg
2026-06-22 12:47:49,200 - HVS-MainCore [INFO] (MainThread) - assembly_composite:72 - Frame de vista 'zenithal' guardado en /home/sergio/Documentos/Refactor-Hollymatic/test-deploy/HVS-Balena V3 (Prueba)/app/temporal/images/2026-06-22/zenithal.jpeg
2026-06-22 12:47:49,554 - HVS-MainCore [INFO] (MainThread) - assembly_composite:212 - PDF comparativo generado (3 secciones) en /home/sergio/Documentos/Refactor-Hollymatic/test-deploy/HVS-Balena V3 (Prueba)/app/temporal/images/2026-06-22/composite.pdf
2026-06-22 12:47:49,716 - HVS-MainCore [INFO] (MainThread) - assembly_composite:53 - Directorio temporal de imagenes preparado: /home/sergio/Documentos/Refactor-Hollymatic/test-deploy/HVS-Balena V3 (Prueba)/app/temporal/images
2026-06-22 12:47:49,716 - HVS-MainCore [INFO] (MainThread) - assembly_composite:72 - Frame de vista 'frontal' guardado en /home/sergio/Documentos/Refactor-Hollymatic/test-deploy/HVS-Balena V3 (Prueba)/app/temporal/images/2026-06-22/frontal.jpeg
2026-06-22 12:47:49,716 - HVS-MainCore [INFO] (MainThread) - assembly_composite:72 - Frame de vista 'backward' guardado en /home/sergio/Documentos/Refactor-Hollymatic/test-deploy/HVS-Balena V3 (Prueba)/app/temporal/images/2026-06-22/backward.jpeg
2026-06-22 12:47:49,717 - HVS-MainCore [INFO] (MainThread) - assembly_composite:72 - Frame de vista 'zenithal' guardado en /home/sergio/Documentos/Refactor-Hollymatic/test-deploy/HVS-Balena V3 (Prueba)/app/temporal/images/2026-06-22/zenithal.jpeg
2026-06-22 12:47:50,254 - HVS-MainCore [INFO] (MainThread) - assembly_composite:212 - PDF comparativo generado (5 secciones) en /home/sergio/Documentos/Refactor-Hollymatic/test-deploy/HVS-Balena V3 (Prueba)/app/temporal/images/2026-06-22/composite.pdf
2026-06-22 12:47:50,497 - HVS-MainCore [INFO] (MainThread) - assembly_composite:53 - Directorio temporal de imagenes preparado: /home/sergio/Documentos/Refactor-Hollymatic/test-deploy/HVS-Balena V3 (Prueba)/app/temporal/images
2026-06-22 12:47:50,498 - HVS-MainCore [INFO] (MainThread) - assembly_composite:72 - Frame de vista 'backward' guardado en /home/sergio/Documentos/Refactor-Hollymatic/test-deploy/HVS-Balena V3 (Prueba)/app/temporal/images/2026-06-22/backward.jpeg
2026-06-22 12:47:50,616 - HVS-MainCore [INFO] (MainThread) - assembly_composite:212 - PDF comparativo generado (1 secciones) en /home/sergio/Documentos/Refactor-Hollymatic/test-deploy/HVS-Balena V3 (Prueba)/app/temporal/images/2026-06-22/composite.pdf
2026-06-22 12:47:50,691 - HVS-MainCore [INFO] (MainThread) - assembly_composite:53 - Directorio temporal de imagenes preparado: /home/sergio/Documentos/Refactor-Hollymatic/test-deploy/HVS-Balena V3 (Prueba)/app/temporal/images
2026-06-22 12:47:50,692 - HVS-MainCore [INFO] (MainThread) - assembly_composite:72 - Frame de vista 'zenithal' guardado en /home/sergio/Documentos/Refactor-Hollymatic/test-deploy/HVS-Balena V3 (Prueba)/app/temporal/images/2026-06-22/zenithal.jpeg
2026-06-22 12:47:50,899 - HVS-MainCore [INFO] (MainThread) - assembly_composite:212 - PDF comparativo generado (2 secciones) en /home/sergio/Documentos/Refactor-Hollymatic/test-deploy/HVS-Balena V3 (Prueba)/app/temporal/images/2026-06-22/composite.pdf
2026-06-22 12:47:51,019 - HVS-MainCore [INFO] (MainThread) - assembly_composite:53 - Directorio temporal de imagenes preparado: /home/sergio/Documentos/Refactor-Hollymatic/test-deploy/HVS-Balena V3 (Prueba)/app/temporal/images
2026-06-22 12:47:51,020 - HVS-MainCore [INFO] (MainThread) - assembly_composite:72 - Frame de vista 'frontal' guardado en /home/sergio/Documentos/Refactor-Hollymatic/test-deploy/HVS-Balena V3 (Prueba)/app/temporal/images/2026-06-22/frontal.jpeg
2026-06-22 12:47:51,057 - HVS-MainCore [CRITICAL] (MainThread) - assembly_composite:120 - No existe el frame en vivo de la vista 'backward' (/home/sergio/Documentos/Refactor-Hollymatic/test-deploy/HVS-Balena V3 (Prueba)/app/temporal/images/2026-06-22/backward.jpeg) para 'RAM_ASSEMBLY_AND_DRIVE_BAR'; se omite la seccion
NoneType: None
2026-06-22 12:47:51,702 - HVS-MainCore [INFO] (MainThread) - assembly_composite:212 - PDF comparativo generado (1 secciones) en /home/sergio/Documentos/Refactor-Hollymatic/test-deploy/HVS-Balena V3 (Prueba)/app/temporal/images/2026-06-22/composite.pdf
2026-06-22 12:47:51,776 - HVS-MainCore [INFO] (MainThread) - assembly_composite:53 - Directorio temporal de imagenes preparado: /home/sergio/Documentos/Refactor-Hollymatic/test-deploy/HVS-Balena V3 (Prueba)/app/temporal/images
2026-06-22 12:47:51,812 - HVS-MainCore [CRITICAL] (MainThread) - assembly_composite:120 - No existe el frame en vivo de la vista 'backward' (/home/sergio/Documentos/Refactor-Hollymatic/test-deploy/HVS-Balena V3 (Prueba)/app/temporal/images/2026-06-22/backward.jpeg) para 'RAM_ASSEMBLY_AND_DRIVE_BAR'; se omite la seccion
NoneType: None
2026-06-22 12:47:52,324 - HVS-MainCore [CRITICAL] (MainThread) - assembly_composite:190 - No se pudo componer ninguna seccion; no se genera PDF comparativo
NoneType: None
2026-06-22 12:48:23,427 - HVS-MainCore [INFO] (MainThread) - assembly_composite:53 - Directorio temporal de imagenes preparado: /home/sergio/Documentos/Refactor-Hollymatic/test-deploy/HVS-Balena V3 (Prueba)/app/temporal/images
2026-06-22 12:48:23,427 - HVS-MainCore [INFO] (MainThread) - assembly_composite:72 - Frame de vista 'frontal' guardado en /home/sergio/Documentos/Refactor-Hollymatic/test-deploy/HVS-Balena V3 (Prueba)/app/temporal/images/2026-06-22/frontal.jpeg
2026-06-22 12:48:23,428 - HVS-MainCore [INFO] (MainThread) - assembly_composite:72 - Frame de vista 'backward' guardado en /home/sergio/Documentos/Refactor-Hollymatic/test-deploy/HVS-Balena V3 (Prueba)/app/temporal/images/2026-06-22/backward.jpeg
2026-06-22 12:48:23,428 - HVS-MainCore [INFO] (MainThread) - assembly_composite:72 - Frame de vista 'zenithal' guardado en /home/sergio/Documentos/Refactor-Hollymatic/test-deploy/HVS-Balena V3 (Prueba)/app/temporal/images/2026-06-22/zenithal.jpeg
2026-06-22 12:48:23,787 - HVS-MainCore [INFO] (MainThread) - assembly_composite:212 - PDF comparativo generado (3 secciones) en /home/sergio/Documentos/Refactor-Hollymatic/test-deploy/HVS-Balena V3 (Prueba)/app/temporal/images/2026-06-22/composite.pdf
2026-06-22 12:48:23,961 - HVS-MainCore [INFO] (MainThread) - assembly_composite:53 - Directorio temporal de imagenes preparado: /home/sergio/Documentos/Refactor-Hollymatic/test-deploy/HVS-Balena V3 (Prueba)/app/temporal/images
2026-06-22 12:48:23,961 - HVS-MainCore [INFO] (MainThread) - assembly_composite:72 - Frame de vista 'frontal' guardado en /home/sergio/Documentos/Refactor-Hollymatic/test-deploy/HVS-Balena V3 (Prueba)/app/temporal/images/2026-06-22/frontal.jpeg
2026-06-22 12:48:23,961 - HVS-MainCore [INFO] (MainThread) - assembly_composite:72 - Frame de vista 'backward' guardado en /home/sergio/Documentos/Refactor-Hollymatic/test-deploy/HVS-Balena V3 (Prueba)/app/temporal/images/2026-06-22/backward.jpeg
2026-06-22 12:48:23,962 - HVS-MainCore [INFO] (MainThread) - assembly_composite:72 - Frame de vista 'zenithal' guardado en /home/sergio/Documentos/Refactor-Hollymatic/test-deploy/HVS-Balena V3 (Prueba)/app/temporal/images/2026-06-22/zenithal.jpeg
2026-06-22 12:48:24,502 - HVS-MainCore [INFO] (MainThread) - assembly_composite:212 - PDF comparativo generado (5 secciones) en /home/sergio/Documentos/Refactor-Hollymatic/test-deploy/HVS-Balena V3 (Prueba)/app/temporal/images/2026-06-22/composite.pdf
2026-06-22 12:48:24,741 - HVS-MainCore [INFO] (MainThread) - assembly_composite:53 - Directorio temporal de imagenes preparado: /home/sergio/Documentos/Refactor-Hollymatic/test-deploy/HVS-Balena V3 (Prueba)/app/temporal/images
2026-06-22 12:48:24,742 - HVS-MainCore [INFO] (MainThread) - assembly_composite:72 - Frame de vista 'backward' guardado en /home/sergio/Documentos/Refactor-Hollymatic/test-deploy/HVS-Balena V3 (Prueba)/app/temporal/images/2026-06-22/backward.jpeg
2026-06-22 12:48:24,852 - HVS-MainCore [INFO] (MainThread) - assembly_composite:212 - PDF comparativo generado (1 secciones) en /home/sergio/Documentos/Refactor-Hollymatic/test-deploy/HVS-Balena V3 (Prueba)/app/temporal/images/2026-06-22/composite.pdf
2026-06-22 12:48:24,930 - HVS-MainCore [INFO] (MainThread) - assembly_composite:53 - Directorio temporal de imagenes preparado: /home/sergio/Documentos/Refactor-Hollymatic/test-deploy/HVS-Balena V3 (Prueba)/app/temporal/images
2026-06-22 12:48:24,930 - HVS-MainCore [INFO] (MainThread) - assembly_composite:72 - Frame de vista 'zenithal' guardado en /home/sergio/Documentos/Refactor-Hollymatic/test-deploy/HVS-Balena V3 (Prueba)/app/temporal/images/2026-06-22/zenithal.jpeg
2026-06-22 12:48:25,138 - HVS-MainCore [INFO] (MainThread) - assembly_composite:212 - PDF comparativo generado (2 secciones) en /home/sergio/Documentos/Refactor-Hollymatic/test-deploy/HVS-Balena V3 (Prueba)/app/temporal/images/2026-06-22/composite.pdf
2026-06-22 12:48:25,262 - HVS-MainCore [INFO] (MainThread) - assembly_composite:53 - Directorio temporal de imagenes preparado: /home/sergio/Documentos/Refactor-Hollymatic/test-deploy/HVS-Balena V3 (Prueba)/app/temporal/images
2026-06-22 12:48:25,262 - HVS-MainCore [INFO] (MainThread) - assembly_composite:72 - Frame de vista 'frontal' guardado en /home/sergio/Documentos/Refactor-Hollymatic/test-deploy/HVS-Balena V3 (Prueba)/app/temporal/images/2026-06-22/frontal.jpeg
2026-06-22 12:48:25,299 - HVS-MainCore [CRITICAL] (MainThread) - assembly_composite:120 - No existe el frame en vivo de la vista 'backward' (/home/sergio/Documentos/Refactor-Hollymatic/test-deploy/HVS-Balena V3 (Prueba)/app/temporal/images/2026-06-22/backward.jpeg) para 'RAM_ASSEMBLY_AND_DRIVE_BAR'; se omite la seccion
NoneType: None
2026-06-22 12:48:25,893 - HVS-MainCore [INFO] (MainThread) - assembly_composite:212 - PDF comparativo generado (1 secciones) en /home/sergio/Documentos/Refactor-Hollymatic/test-deploy/HVS-Balena V3 (Prueba)/app/temporal/images/2026-06-22/composite.pdf
2026-06-22 12:48:25,973 - HVS-MainCore [INFO] (MainThread) - assembly_composite:53 - Directorio temporal de imagenes preparado: /home/sergio/Documentos/Refactor-Hollymatic/test-deploy/HVS-Balena V3 (Prueba)/app/temporal/images
2026-06-22 12:48:26,011 - HVS-MainCore [CRITICAL] (MainThread) - assembly_composite:120 - No existe el frame en vivo de la vista 'backward' (/home/sergio/Documentos/Refactor-Hollymatic/test-deploy/HVS-Balena V3 (Prueba)/app/temporal/images/2026-06-22/backward.jpeg) para 'RAM_ASSEMBLY_AND_DRIVE_BAR'; se omite la seccion
NoneType: None
2026-06-22 12:48:26,409 - HVS-MainCore [CRITICAL] (MainThread) - assembly_composite:190 - No se pudo componer ninguna seccion; no se genera PDF comparativo
NoneType: None
2026-06-22 12:49:38,645 - HVS-MainCore [INFO] (MainThread) - assembly_composite:53 - Directorio temporal de imagenes preparado: /home/sergio/Documentos/Refactor-Hollymatic/test-deploy/HVS-Balena V3 (Prueba)/app/temporal/images
2026-06-22 12:49:38,645 - HVS-MainCore [INFO] (MainThread) - assembly_composite:72 - Frame de vista 'frontal' guardado en /home/sergio/Documentos/Refactor-Hollymatic/test-deploy/HVS-Balena V3 (Prueba)/app/temporal/images/2026-06-22/frontal.jpeg
2026-06-22 12:49:38,646 - HVS-MainCore [INFO] (MainThread) - assembly_composite:72 - Frame de vista 'backward' guardado en /home/sergio/Documentos/Refactor-Hollymatic/test-deploy/HVS-Balena V3 (Prueba)/app/temporal/images/2026-06-22/backward.jpeg
2026-06-22 12:49:38,646 - HVS-MainCore [INFO] (MainThread) - assembly_composite:72 - Frame de vista 'zenithal' guardado en /home/sergio/Documentos/Refactor-Hollymatic/test-deploy/HVS-Balena V3 (Prueba)/app/temporal/images/2026-06-22/zenithal.jpeg
2026-06-22 12:49:38,998 - HVS-MainCore [INFO] (MainThread) - assembly_composite:212 - PDF comparativo generado (3 secciones) en /home/sergio/Documentos/Refactor-Hollymatic/test-deploy/HVS-Balena V3 (Prueba)/app/temporal/images/2026-06-22/composite.pdf
2026-06-22 12:49:39,171 - HVS-MainCore [INFO] (MainThread) - assembly_composite:53 - Directorio temporal de imagenes preparado: /home/sergio/Documentos/Refactor-Hollymatic/test-deploy/HVS-Balena V3 (Prueba)/app/temporal/images
2026-06-22 12:49:39,171 - HVS-MainCore [INFO] (MainThread) - assembly_composite:72 - Frame de vista 'frontal' guardado en /home/sergio/Documentos/Refactor-Hollymatic/test-deploy/HVS-Balena V3 (Prueba)/app/temporal/images/2026-06-22/frontal.jpeg
2026-06-22 12:49:39,171 - HVS-MainCore [INFO] (MainThread) - assembly_composite:72 - Frame de vista 'backward' guardado en /home/sergio/Documentos/Refactor-Hollymatic/test-deploy/HVS-Balena V3 (Prueba)/app/temporal/images/2026-06-22/backward.jpeg
2026-06-22 12:49:39,171 - HVS-MainCore [INFO] (MainThread) - assembly_composite:72 - Frame de vista 'zenithal' guardado en /home/sergio/Documentos/Refactor-Hollymatic/test-deploy/HVS-Balena V3 (Prueba)/app/temporal/images/2026-06-22/zenithal.jpeg
2026-06-22 12:49:39,721 - HVS-MainCore [INFO] (MainThread) - assembly_composite:212 - PDF comparativo generado (5 secciones) en /home/sergio/Documentos/Refactor-Hollymatic/test-deploy/HVS-Balena V3 (Prueba)/app/temporal/images/2026-06-22/composite.pdf
2026-06-22 12:49:39,972 - HVS-MainCore [INFO] (MainThread) - assembly_composite:53 - Directorio temporal de imagenes preparado: /home/sergio/Documentos/Refactor-Hollymatic/test-deploy/HVS-Balena V3 (Prueba)/app/temporal/images
2026-06-22 12:49:39,973 - HVS-MainCore [INFO] (MainThread) - assembly_composite:72 - Frame de vista 'backward' guardado en /home/sergio/Documentos/Refactor-Hollymatic/test-deploy/HVS-Balena V3 (Prueba)/app/temporal/images/2026-06-22/backward.jpeg
2026-06-22 12:49:40,089 - HVS-MainCore [INFO] (MainThread) - assembly_composite:212 - PDF comparativo generado (1 secciones) en /home/sergio/Documentos/Refactor-Hollymatic/test-deploy/HVS-Balena V3 (Prueba)/app/temporal/images/2026-06-22/composite.pdf
2026-06-22 12:49:40,168 - HVS-MainCore [INFO] (MainThread) - assembly_composite:53 - Directorio temporal de imagenes preparado: /home/sergio/Documentos/Refactor-Hollymatic/test-deploy/HVS-Balena V3 (Prueba)/app/temporal/images
2026-06-22 12:49:40,168 - HVS-MainCore [INFO] (MainThread) - assembly_composite:72 - Frame de vista 'zenithal' guardado en /home/sergio/Documentos/Refactor-Hollymatic/test-deploy/HVS-Balena V3 (Prueba)/app/temporal/images/2026-06-22/zenithal.jpeg
2026-06-22 12:49:40,379 - HVS-MainCore [INFO] (MainThread) - assembly_composite:212 - PDF comparativo generado (2 secciones) en /home/sergio/Documentos/Refactor-Hollymatic/test-deploy/HVS-Balena V3 (Prueba)/app/temporal/images/2026-06-22/composite.pdf
2026-06-22 12:49:40,508 - HVS-MainCore [INFO] (MainThread) - assembly_composite:53 - Directorio temporal de imagenes preparado: /home/sergio/Documentos/Refactor-Hollymatic/test-deploy/HVS-Balena V3 (Prueba)/app/temporal/images
2026-06-22 12:49:40,508 - HVS-MainCore [INFO] (MainThread) - assembly_composite:72 - Frame de vista 'frontal' guardado en /home/sergio/Documentos/Refactor-Hollymatic/test-deploy/HVS-Balena V3 (Prueba)/app/temporal/images/2026-06-22/frontal.jpeg
2026-06-22 12:49:40,546 - HVS-MainCore [CRITICAL] (MainThread) - assembly_composite:120 - No existe el frame en vivo de la vista 'backward' (/home/sergio/Documentos/Refactor-Hollymatic/test-deploy/HVS-Balena V3 (Prueba)/app/temporal/images/2026-06-22/backward.jpeg) para 'RAM_ASSEMBLY_AND_DRIVE_BAR'; se omite la seccion
NoneType: None
2026-06-22 12:49:41,091 - HVS-MainCore [INFO] (MainThread) - assembly_composite:212 - PDF comparativo generado (1 secciones) en /home/sergio/Documentos/Refactor-Hollymatic/test-deploy/HVS-Balena V3 (Prueba)/app/temporal/images/2026-06-22/composite.pdf
2026-06-22 12:49:41,173 - HVS-MainCore [INFO] (MainThread) - assembly_composite:53 - Directorio temporal de imagenes preparado: /home/sergio/Documentos/Refactor-Hollymatic/test-deploy/HVS-Balena V3 (Prueba)/app/temporal/images
2026-06-22 12:49:41,234 - HVS-MainCore [CRITICAL] (MainThread) - assembly_composite:120 - No existe el frame en vivo de la vista 'backward' (/home/sergio/Documentos/Refactor-Hollymatic/test-deploy/HVS-Balena V3 (Prueba)/app/temporal/images/2026-06-22/backward.jpeg) para 'RAM_ASSEMBLY_AND_DRIVE_BAR'; se omite la seccion
NoneType: None
2026-06-22 12:49:41,642 - HVS-MainCore [CRITICAL] (MainThread) - assembly_composite:190 - No se pudo componer ninguna seccion; no se genera PDF comparativo
NoneType: None
2026-06-22 12:49:42,574 - HVS-MainCore [INFO] (MainThread) - assembly_composite:53 - Directorio temporal de imagenes preparado: /home/sergio/Documentos/Refactor-Hollymatic/test-deploy/HVS-Balena V3 (Prueba)/app/temporal/images
2026-06-22 12:49:42,574 - HVS-MainCore [INFO] (MainThread) - assembly_composite:72 - Frame de vista 'frontal' guardado en /home/sergio/Documentos/Refactor-Hollymatic/test-deploy/HVS-Balena V3 (Prueba)/app/temporal/images/2026-06-22/frontal.jpeg
2026-06-22 12:49:42,574 - HVS-MainCore [INFO] (MainThread) - assembly_composite:72 - Frame de vista 'backward' guardado en /home/sergio/Documentos/Refactor-Hollymatic/test-deploy/HVS-Balena V3 (Prueba)/app/temporal/images/2026-06-22/backward.jpeg
2026-06-22 12:49:42,575 - HVS-MainCore [INFO] (MainThread) - assembly_composite:72 - Frame de vista 'zenithal' guardado en /home/sergio/Documentos/Refactor-Hollymatic/test-deploy/HVS-Balena V3 (Prueba)/app/temporal/images/2026-06-22/zenithal.jpeg
2026-06-22 12:49:42,947 - HVS-MainCore [INFO] (MainThread) - assembly_composite:212 - PDF comparativo generado (3 secciones) en /home/sergio/Documentos/Refactor-Hollymatic/test-deploy/HVS-Balena V3 (Prueba)/app/temporal/images/2026-06-22/composite.pdf
2026-06-22 12:49:43,111 - HVS-MainCore [INFO] (MainThread) - assembly_composite:53 - Directorio temporal de imagenes preparado: /home/sergio/Documentos/Refactor-Hollymatic/test-deploy/HVS-Balena V3 (Prueba)/app/temporal/images
2026-06-22 12:49:43,111 - HVS-MainCore [INFO] (MainThread) - assembly_composite:72 - Frame de vista 'frontal' guardado en /home/sergio/Documentos/Refactor-Hollymatic/test-deploy/HVS-Balena V3 (Prueba)/app/temporal/images/2026-06-22/frontal.jpeg
2026-06-22 12:49:43,111 - HVS-MainCore [INFO] (MainThread) - assembly_composite:72 - Frame de vista 'backward' guardado en /home/sergio/Documentos/Refactor-Hollymatic/test-deploy/HVS-Balena V3 (Prueba)/app/temporal/images/2026-06-22/backward.jpeg
2026-06-22 12:49:43,111 - HVS-MainCore [INFO] (MainThread) - assembly_composite:72 - Frame de vista 'zenithal' guardado en /home/sergio/Documentos/Refactor-Hollymatic/test-deploy/HVS-Balena V3 (Prueba)/app/temporal/images/2026-06-22/zenithal.jpeg
2026-06-22 12:49:43,657 - HVS-MainCore [INFO] (MainThread) - assembly_composite:212 - PDF comparativo generado (5 secciones) en /home/sergio/Documentos/Refactor-Hollymatic/test-deploy/HVS-Balena V3 (Prueba)/app/temporal/images/2026-06-22/composite.pdf
2026-06-22 12:49:43,917 - HVS-MainCore [INFO] (MainThread) - assembly_composite:53 - Directorio temporal de imagenes preparado: /home/sergio/Documentos/Refactor-Hollymatic/test-deploy/HVS-Balena V3 (Prueba)/app/temporal/images
2026-06-22 12:49:43,917 - HVS-MainCore [INFO] (MainThread) - assembly_composite:72 - Frame de vista 'backward' guardado en /home/sergio/Documentos/Refactor-Hollymatic/test-deploy/HVS-Balena V3 (Prueba)/app/temporal/images/2026-06-22/backward.jpeg
2026-06-22 12:49:44,037 - HVS-MainCore [INFO] (MainThread) - assembly_composite:212 - PDF comparativo generado (1 secciones) en /home/sergio/Documentos/Refactor-Hollymatic/test-deploy/HVS-Balena V3 (Prueba)/app/temporal/images/2026-06-22/composite.pdf
2026-06-22 12:49:44,118 - HVS-MainCore [INFO] (MainThread) - assembly_composite:53 - Directorio temporal de imagenes preparado: /home/sergio/Documentos/Refactor-Hollymatic/test-deploy/HVS-Balena V3 (Prueba)/app/temporal/images
2026-06-22 12:49:44,119 - HVS-MainCore [INFO] (MainThread) - assembly_composite:72 - Frame de vista 'zenithal' guardado en /home/sergio/Documentos/Refactor-Hollymatic/test-deploy/HVS-Balena V3 (Prueba)/app/temporal/images/2026-06-22/zenithal.jpeg
2026-06-22 12:49:44,338 - HVS-MainCore [INFO] (MainThread) - assembly_composite:212 - PDF comparativo generado (2 secciones) en /home/sergio/Documentos/Refactor-Hollymatic/test-deploy/HVS-Balena V3 (Prueba)/app/temporal/images/2026-06-22/composite.pdf
2026-06-22 12:49:44,466 - HVS-MainCore [INFO] (MainThread) - assembly_composite:53 - Directorio temporal de imagenes preparado: /home/sergio/Documentos/Refactor-Hollymatic/test-deploy/HVS-Balena V3 (Prueba)/app/temporal/images
2026-06-22 12:49:44,467 - HVS-MainCore [INFO] (MainThread) - assembly_composite:72 - Frame de vista 'frontal' guardado en /home/sergio/Documentos/Refactor-Hollymatic/test-deploy/HVS-Balena V3 (Prueba)/app/temporal/images/2026-06-22/frontal.jpeg
2026-06-22 12:49:44,504 - HVS-MainCore [CRITICAL] (MainThread) - assembly_composite:120 - No existe el frame en vivo de la vista 'backward' (/home/sergio/Documentos/Refactor-Hollymatic/test-deploy/HVS-Balena V3 (Prueba)/app/temporal/images/2026-06-22/backward.jpeg) para 'RAM_ASSEMBLY_AND_DRIVE_BAR'; se omite la seccion
NoneType: None
2026-06-22 12:49:45,094 - HVS-MainCore [INFO] (MainThread) - assembly_composite:212 - PDF comparativo generado (1 secciones) en /home/sergio/Documentos/Refactor-Hollymatic/test-deploy/HVS-Balena V3 (Prueba)/app/temporal/images/2026-06-22/composite.pdf
2026-06-22 12:49:45,175 - HVS-MainCore [INFO] (MainThread) - assembly_composite:53 - Directorio temporal de imagenes preparado: /home/sergio/Documentos/Refactor-Hollymatic/test-deploy/HVS-Balena V3 (Prueba)/app/temporal/images
2026-06-22 12:49:45,215 - HVS-MainCore [CRITICAL] (MainThread) - assembly_composite:120 - No existe el frame en vivo de la vista 'backward' (/home/sergio/Documentos/Refactor-Hollymatic/test-deploy/HVS-Balena V3 (Prueba)/app/temporal/images/2026-06-22/backward.jpeg) para 'RAM_ASSEMBLY_AND_DRIVE_BAR'; se omite la seccion
NoneType: None
2026-06-22 12:49:45,522 - HVS-MainCore [CRITICAL] (MainThread) - assembly_composite:190 - No se pudo componer ninguna seccion; no se genera PDF comparativo
NoneType: None
2026-06-22 12:55:37,047 - HVS-MainCore [CRITICAL] (MainThread) - gdrive:74 - Error de la API de Drive al subir el PDF comparativo: <HttpError 404 when requesting https://www.googleapis.com/upload/drive/v3/files?fields=id%2C+webViewLink&supportsAllDrives=true&alt=json&uploadType=multipart returned "File not found: 1KjI6UlE2jYauOgFtbvo_sG3zhNvNKYm8.". Details: "[{'message': 'File not found: 1KjI6UlE2jYauOgFtbvo_sG3zhNvNKYm8.', 'domain': 'global', 'reason': 'notFound', 'location': 'fileId', 'locationType': 'parameter'}]">
Traceback (most recent call last):
  File "/home/sergio/Documentos/Refactor-Hollymatic/test-deploy/HVS-Balena V3 (Prueba)/app/src/google/gdrive.py", line 58, in upload_and_get_link
    ).execute()
      ^^^^^^^^^
  File "/home/sergio/anaconda3/lib/python3.12/site-packages/googleapiclient/_helpers.py", line 130, in positional_wrapper
    return wrapped(*args, **kwargs)
           ^^^^^^^^^^^^^^^^^^^^^^^^
  File "/home/sergio/anaconda3/lib/python3.12/site-packages/googleapiclient/http.py", line 938, in execute
    raise HttpError(resp, content, uri=self.uri)
googleapiclient.errors.HttpError: <HttpError 404 when requesting https://www.googleapis.com/upload/drive/v3/files?fields=id%2C+webViewLink&supportsAllDrives=true&alt=json&uploadType=multipart returned "File not found: 1KjI6UlE2jYauOgFtbvo_sG3zhNvNKYm8.". Details: "[{'message': 'File not found: 1KjI6UlE2jYauOgFtbvo_sG3zhNvNKYm8.', 'domain': 'global', 'reason': 'notFound', 'location': 'fileId', 'locationType': 'parameter'}]">
2026-06-22 13:01:15,242 - HVS-MainCore [INFO] (MainThread) - assembly_composite:53 - Directorio temporal de imagenes preparado: /home/sergio/Documentos/Refactor-Hollymatic/test-deploy/HVS-Balena V3 (Prueba)/app/temporal/images
2026-06-22 13:01:15,242 - HVS-MainCore [INFO] (MainThread) - assembly_composite:72 - Frame de vista 'frontal' guardado en /home/sergio/Documentos/Refactor-Hollymatic/test-deploy/HVS-Balena V3 (Prueba)/app/temporal/images/2026-06-22/frontal.jpeg
2026-06-22 13:01:15,243 - HVS-MainCore [INFO] (MainThread) - assembly_composite:72 - Frame de vista 'backward' guardado en /home/sergio/Documentos/Refactor-Hollymatic/test-deploy/HVS-Balena V3 (Prueba)/app/temporal/images/2026-06-22/backward.jpeg
2026-06-22 13:01:15,243 - HVS-MainCore [INFO] (MainThread) - assembly_composite:72 - Frame de vista 'zenithal' guardado en /home/sergio/Documentos/Refactor-Hollymatic/test-deploy/HVS-Balena V3 (Prueba)/app/temporal/images/2026-06-22/zenithal.jpeg
2026-06-22 13:01:15,601 - HVS-MainCore [INFO] (MainThread) - assembly_composite:212 - PDF comparativo generado (3 secciones) en /home/sergio/Documentos/Refactor-Hollymatic/test-deploy/HVS-Balena V3 (Prueba)/app/temporal/images/2026-06-22/composite.pdf
2026-06-22 13:01:15,980 - HVS-MainCore [INFO] (MainThread) - assembly_composite:53 - Directorio temporal de imagenes preparado: /home/sergio/Documentos/Refactor-Hollymatic/test-deploy/HVS-Balena V3 (Prueba)/app/temporal/images
2026-06-22 13:01:15,981 - HVS-MainCore [INFO] (MainThread) - assembly_composite:53 - Directorio temporal de imagenes preparado: /home/sergio/Documentos/Refactor-Hollymatic/test-deploy/HVS-Balena V3 (Prueba)/app/temporal/images
2026-06-22 13:01:15,981 - HVS-MainCore [INFO] (MainThread) - assembly_composite:53 - Directorio temporal de imagenes preparado: /home/sergio/Documentos/Refactor-Hollymatic/test-deploy/HVS-Balena V3 (Prueba)/app/temporal/images
2026-06-22 13:01:15,981 - HVS-MainCore [INFO] (MainThread) - assembly_composite:72 - Frame de vista 'backward' guardado en /home/sergio/Documentos/Refactor-Hollymatic/test-deploy/HVS-Balena V3 (Prueba)/app/temporal/images/2026-06-22/backward.jpeg
2026-06-22 13:01:16,125 - HVS-MainCore [INFO] (MainThread) - assembly_composite:212 - PDF comparativo generado (1 secciones) en /home/sergio/Documentos/Refactor-Hollymatic/test-deploy/HVS-Balena V3 (Prueba)/app/temporal/images/2026-06-22/composite.pdf
2026-06-22 13:01:16,214 - HVS-MainCore [INFO] (MainThread) - assembly_composite:53 - Directorio temporal de imagenes preparado: /home/sergio/Documentos/Refactor-Hollymatic/test-deploy/HVS-Balena V3 (Prueba)/app/temporal/images
2026-06-22 13:01:16,214 - HVS-MainCore [INFO] (MainThread) - assembly_composite:72 - Frame de vista 'zenithal' guardado en /home/sergio/Documentos/Refactor-Hollymatic/test-deploy/HVS-Balena V3 (Prueba)/app/temporal/images/2026-06-22/zenithal.jpeg
2026-06-22 13:01:16,438 - HVS-MainCore [INFO] (MainThread) - assembly_composite:212 - PDF comparativo generado (2 secciones) en /home/sergio/Documentos/Refactor-Hollymatic/test-deploy/HVS-Balena V3 (Prueba)/app/temporal/images/2026-06-22/composite.pdf
2026-06-22 13:01:16,564 - HVS-MainCore [INFO] (MainThread) - assembly_composite:53 - Directorio temporal de imagenes preparado: /home/sergio/Documentos/Refactor-Hollymatic/test-deploy/HVS-Balena V3 (Prueba)/app/temporal/images
2026-06-22 13:01:16,564 - HVS-MainCore [INFO] (MainThread) - assembly_composite:53 - Directorio temporal de imagenes preparado: /home/sergio/Documentos/Refactor-Hollymatic/test-deploy/HVS-Balena V3 (Prueba)/app/temporal/images
2026-06-22 13:01:16,605 - HVS-MainCore [CRITICAL] (MainThread) - assembly_composite:120 - No existe el frame en vivo de la vista 'backward' (/home/sergio/Documentos/Refactor-Hollymatic/test-deploy/HVS-Balena V3 (Prueba)/app/temporal/images/2026-06-22/backward.jpeg) para 'RAM_ASSEMBLY_AND_DRIVE_BAR'; se omite la seccion
NoneType: None
2026-06-22 13:01:17,193 - HVS-MainCore [CRITICAL] (MainThread) - assembly_composite:190 - No se pudo componer ninguna seccion; no se genera PDF comparativo
NoneType: None
2026-06-22 13:01:53,733 - HVS-MainCore [INFO] (MainThread) - assembly_composite:53 - Directorio temporal de imagenes preparado: /home/sergio/Documentos/Refactor-Hollymatic/test-deploy/HVS-Balena V3 (Prueba)/app/temporal/images
2026-06-22 13:01:53,733 - HVS-MainCore [INFO] (MainThread) - assembly_composite:72 - Frame de vista 'frontal' guardado en /home/sergio/Documentos/Refactor-Hollymatic/test-deploy/HVS-Balena V3 (Prueba)/app/temporal/images/2026-06-22/frontal.jpeg
2026-06-22 13:01:53,733 - HVS-MainCore [INFO] (MainThread) - assembly_composite:72 - Frame de vista 'backward' guardado en /home/sergio/Documentos/Refactor-Hollymatic/test-deploy/HVS-Balena V3 (Prueba)/app/temporal/images/2026-06-22/backward.jpeg
2026-06-22 13:01:53,734 - HVS-MainCore [INFO] (MainThread) - assembly_composite:72 - Frame de vista 'zenithal' guardado en /home/sergio/Documentos/Refactor-Hollymatic/test-deploy/HVS-Balena V3 (Prueba)/app/temporal/images/2026-06-22/zenithal.jpeg
2026-06-22 13:01:54,082 - HVS-MainCore [INFO] (MainThread) - assembly_composite:212 - PDF comparativo generado (3 secciones) en /home/sergio/Documentos/Refactor-Hollymatic/test-deploy/HVS-Balena V3 (Prueba)/app/temporal/images/2026-06-22/composite.pdf
2026-06-22 13:01:54,253 - HVS-MainCore [INFO] (MainThread) - assembly_composite:53 - Directorio temporal de imagenes preparado: /home/sergio/Documentos/Refactor-Hollymatic/test-deploy/HVS-Balena V3 (Prueba)/app/temporal/images
2026-06-22 13:01:54,254 - HVS-MainCore [INFO] (MainThread) - assembly_composite:72 - Frame de vista 'frontal' guardado en /home/sergio/Documentos/Refactor-Hollymatic/test-deploy/HVS-Balena V3 (Prueba)/app/temporal/images/2026-06-22/frontal.jpeg
2026-06-22 13:01:54,254 - HVS-MainCore [INFO] (MainThread) - assembly_composite:72 - Frame de vista 'backward' guardado en /home/sergio/Documentos/Refactor-Hollymatic/test-deploy/HVS-Balena V3 (Prueba)/app/temporal/images/2026-06-22/backward.jpeg
2026-06-22 13:01:54,254 - HVS-MainCore [INFO] (MainThread) - assembly_composite:72 - Frame de vista 'zenithal' guardado en /home/sergio/Documentos/Refactor-Hollymatic/test-deploy/HVS-Balena V3 (Prueba)/app/temporal/images/2026-06-22/zenithal.jpeg
2026-06-22 13:01:54,804 - HVS-MainCore [INFO] (MainThread) - assembly_composite:212 - PDF comparativo generado (5 secciones) en /home/sergio/Documentos/Refactor-Hollymatic/test-deploy/HVS-Balena V3 (Prueba)/app/temporal/images/2026-06-22/composite.pdf
2026-06-22 13:01:55,061 - HVS-MainCore [INFO] (MainThread) - assembly_composite:53 - Directorio temporal de imagenes preparado: /home/sergio/Documentos/Refactor-Hollymatic/test-deploy/HVS-Balena V3 (Prueba)/app/temporal/images
2026-06-22 13:01:55,061 - HVS-MainCore [INFO] (MainThread) - assembly_composite:72 - Frame de vista 'backward' guardado en /home/sergio/Documentos/Refactor-Hollymatic/test-deploy/HVS-Balena V3 (Prueba)/app/temporal/images/2026-06-22/backward.jpeg
2026-06-22 13:01:55,179 - HVS-MainCore [INFO] (MainThread) - assembly_composite:212 - PDF comparativo generado (1 secciones) en /home/sergio/Documentos/Refactor-Hollymatic/test-deploy/HVS-Balena V3 (Prueba)/app/temporal/images/2026-06-22/composite.pdf
2026-06-22 13:01:55,259 - HVS-MainCore [INFO] (MainThread) - assembly_composite:53 - Directorio temporal de imagenes preparado: /home/sergio/Documentos/Refactor-Hollymatic/test-deploy/HVS-Balena V3 (Prueba)/app/temporal/images
2026-06-22 13:01:55,260 - HVS-MainCore [INFO] (MainThread) - assembly_composite:72 - Frame de vista 'zenithal' guardado en /home/sergio/Documentos/Refactor-Hollymatic/test-deploy/HVS-Balena V3 (Prueba)/app/temporal/images/2026-06-22/zenithal.jpeg
2026-06-22 13:01:55,474 - HVS-MainCore [INFO] (MainThread) - assembly_composite:212 - PDF comparativo generado (2 secciones) en /home/sergio/Documentos/Refactor-Hollymatic/test-deploy/HVS-Balena V3 (Prueba)/app/temporal/images/2026-06-22/composite.pdf
2026-06-22 13:01:55,600 - HVS-MainCore [INFO] (MainThread) - assembly_composite:53 - Directorio temporal de imagenes preparado: /home/sergio/Documentos/Refactor-Hollymatic/test-deploy/HVS-Balena V3 (Prueba)/app/temporal/images
2026-06-22 13:01:55,601 - HVS-MainCore [INFO] (MainThread) - assembly_composite:72 - Frame de vista 'frontal' guardado en /home/sergio/Documentos/Refactor-Hollymatic/test-deploy/HVS-Balena V3 (Prueba)/app/temporal/images/2026-06-22/frontal.jpeg
2026-06-22 13:01:55,639 - HVS-MainCore [CRITICAL] (MainThread) - assembly_composite:120 - No existe el frame en vivo de la vista 'backward' (/home/sergio/Documentos/Refactor-Hollymatic/test-deploy/HVS-Balena V3 (Prueba)/app/temporal/images/2026-06-22/backward.jpeg) para 'RAM_ASSEMBLY_AND_DRIVE_BAR'; se omite la seccion
NoneType: None
2026-06-22 13:01:56,355 - HVS-MainCore [INFO] (MainThread) - assembly_composite:212 - PDF comparativo generado (1 secciones) en /home/sergio/Documentos/Refactor-Hollymatic/test-deploy/HVS-Balena V3 (Prueba)/app/temporal/images/2026-06-22/composite.pdf
2026-06-22 13:01:56,443 - HVS-MainCore [INFO] (MainThread) - assembly_composite:53 - Directorio temporal de imagenes preparado: /home/sergio/Documentos/Refactor-Hollymatic/test-deploy/HVS-Balena V3 (Prueba)/app/temporal/images
2026-06-22 13:01:56,490 - HVS-MainCore [CRITICAL] (MainThread) - assembly_composite:120 - No existe el frame en vivo de la vista 'backward' (/home/sergio/Documentos/Refactor-Hollymatic/test-deploy/HVS-Balena V3 (Prueba)/app/temporal/images/2026-06-22/backward.jpeg) para 'RAM_ASSEMBLY_AND_DRIVE_BAR'; se omite la seccion
NoneType: None
2026-06-22 13:01:56,886 - HVS-MainCore [CRITICAL] (MainThread) - assembly_composite:190 - No se pudo componer ninguna seccion; no se genera PDF comparativo
NoneType: None
2026-06-22 13:01:57,790 - HVS-MainCore [INFO] (MainThread) - assembly_composite:53 - Directorio temporal de imagenes preparado: /home/sergio/Documentos/Refactor-Hollymatic/test-deploy/HVS-Balena V3 (Prueba)/app/temporal/images
2026-06-22 13:01:57,790 - HVS-MainCore [INFO] (MainThread) - assembly_composite:72 - Frame de vista 'frontal' guardado en /home/sergio/Documentos/Refactor-Hollymatic/test-deploy/HVS-Balena V3 (Prueba)/app/temporal/images/2026-06-22/frontal.jpeg
2026-06-22 13:01:57,790 - HVS-MainCore [INFO] (MainThread) - assembly_composite:72 - Frame de vista 'backward' guardado en /home/sergio/Documentos/Refactor-Hollymatic/test-deploy/HVS-Balena V3 (Prueba)/app/temporal/images/2026-06-22/backward.jpeg
2026-06-22 13:01:57,791 - HVS-MainCore [INFO] (MainThread) - assembly_composite:72 - Frame de vista 'zenithal' guardado en /home/sergio/Documentos/Refactor-Hollymatic/test-deploy/HVS-Balena V3 (Prueba)/app/temporal/images/2026-06-22/zenithal.jpeg
2026-06-22 13:01:58,169 - HVS-MainCore [INFO] (MainThread) - assembly_composite:212 - PDF comparativo generado (3 secciones) en /home/sergio/Documentos/Refactor-Hollymatic/test-deploy/HVS-Balena V3 (Prueba)/app/temporal/images/2026-06-22/composite.pdf
2026-06-22 13:01:58,338 - HVS-MainCore [INFO] (MainThread) - assembly_composite:53 - Directorio temporal de imagenes preparado: /home/sergio/Documentos/Refactor-Hollymatic/test-deploy/HVS-Balena V3 (Prueba)/app/temporal/images
2026-06-22 13:01:58,339 - HVS-MainCore [INFO] (MainThread) - assembly_composite:72 - Frame de vista 'frontal' guardado en /home/sergio/Documentos/Refactor-Hollymatic/test-deploy/HVS-Balena V3 (Prueba)/app/temporal/images/2026-06-22/frontal.jpeg
2026-06-22 13:01:58,339 - HVS-MainCore [INFO] (MainThread) - assembly_composite:72 - Frame de vista 'backward' guardado en /home/sergio/Documentos/Refactor-Hollymatic/test-deploy/HVS-Balena V3 (Prueba)/app/temporal/images/2026-06-22/backward.jpeg
2026-06-22 13:01:58,339 - HVS-MainCore [INFO] (MainThread) - assembly_composite:72 - Frame de vista 'zenithal' guardado en /home/sergio/Documentos/Refactor-Hollymatic/test-deploy/HVS-Balena V3 (Prueba)/app/temporal/images/2026-06-22/zenithal.jpeg
2026-06-22 13:01:58,885 - HVS-MainCore [INFO] (MainThread) - assembly_composite:212 - PDF comparativo generado (5 secciones) en /home/sergio/Documentos/Refactor-Hollymatic/test-deploy/HVS-Balena V3 (Prueba)/app/temporal/images/2026-06-22/composite.pdf
2026-06-22 13:01:59,155 - HVS-MainCore [INFO] (MainThread) - assembly_composite:53 - Directorio temporal de imagenes preparado: /home/sergio/Documentos/Refactor-Hollymatic/test-deploy/HVS-Balena V3 (Prueba)/app/temporal/images
2026-06-22 13:01:59,156 - HVS-MainCore [INFO] (MainThread) - assembly_composite:72 - Frame de vista 'backward' guardado en /home/sergio/Documentos/Refactor-Hollymatic/test-deploy/HVS-Balena V3 (Prueba)/app/temporal/images/2026-06-22/backward.jpeg
2026-06-22 13:01:59,275 - HVS-MainCore [INFO] (MainThread) - assembly_composite:212 - PDF comparativo generado (1 secciones) en /home/sergio/Documentos/Refactor-Hollymatic/test-deploy/HVS-Balena V3 (Prueba)/app/temporal/images/2026-06-22/composite.pdf
2026-06-22 13:01:59,357 - HVS-MainCore [INFO] (MainThread) - assembly_composite:53 - Directorio temporal de imagenes preparado: /home/sergio/Documentos/Refactor-Hollymatic/test-deploy/HVS-Balena V3 (Prueba)/app/temporal/images
2026-06-22 13:01:59,357 - HVS-MainCore [INFO] (MainThread) - assembly_composite:72 - Frame de vista 'zenithal' guardado en /home/sergio/Documentos/Refactor-Hollymatic/test-deploy/HVS-Balena V3 (Prueba)/app/temporal/images/2026-06-22/zenithal.jpeg
2026-06-22 13:01:59,569 - HVS-MainCore [INFO] (MainThread) - assembly_composite:212 - PDF comparativo generado (2 secciones) en /home/sergio/Documentos/Refactor-Hollymatic/test-deploy/HVS-Balena V3 (Prueba)/app/temporal/images/2026-06-22/composite.pdf
2026-06-22 13:01:59,694 - HVS-MainCore [INFO] (MainThread) - assembly_composite:53 - Directorio temporal de imagenes preparado: /home/sergio/Documentos/Refactor-Hollymatic/test-deploy/HVS-Balena V3 (Prueba)/app/temporal/images
2026-06-22 13:01:59,694 - HVS-MainCore [INFO] (MainThread) - assembly_composite:72 - Frame de vista 'frontal' guardado en /home/sergio/Documentos/Refactor-Hollymatic/test-deploy/HVS-Balena V3 (Prueba)/app/temporal/images/2026-06-22/frontal.jpeg
2026-06-22 13:01:59,732 - HVS-MainCore [CRITICAL] (MainThread) - assembly_composite:120 - No existe el frame en vivo de la vista 'backward' (/home/sergio/Documentos/Refactor-Hollymatic/test-deploy/HVS-Balena V3 (Prueba)/app/temporal/images/2026-06-22/backward.jpeg) para 'RAM_ASSEMBLY_AND_DRIVE_BAR'; se omite la seccion
NoneType: None
2026-06-22 13:02:00,348 - HVS-MainCore [INFO] (MainThread) - assembly_composite:212 - PDF comparativo generado (1 secciones) en /home/sergio/Documentos/Refactor-Hollymatic/test-deploy/HVS-Balena V3 (Prueba)/app/temporal/images/2026-06-22/composite.pdf
2026-06-22 13:02:00,429 - HVS-MainCore [INFO] (MainThread) - assembly_composite:53 - Directorio temporal de imagenes preparado: /home/sergio/Documentos/Refactor-Hollymatic/test-deploy/HVS-Balena V3 (Prueba)/app/temporal/images
2026-06-22 13:02:00,470 - HVS-MainCore [CRITICAL] (MainThread) - assembly_composite:120 - No existe el frame en vivo de la vista 'backward' (/home/sergio/Documentos/Refactor-Hollymatic/test-deploy/HVS-Balena V3 (Prueba)/app/temporal/images/2026-06-22/backward.jpeg) para 'RAM_ASSEMBLY_AND_DRIVE_BAR'; se omite la seccion
NoneType: None
2026-06-22 13:02:01,015 - HVS-MainCore [CRITICAL] (MainThread) - assembly_composite:190 - No se pudo componer ninguna seccion; no se genera PDF comparativo
NoneType: None
2026-06-22 13:06:40,501 - HVS-MainCore [INFO] (MainThread) - assembly_composite:53 - Directorio temporal de imagenes preparado: /home/sergio/Documentos/Refactor-Hollymatic/test-deploy/HVS-Balena V3 (Prueba)/app/temporal/images
2026-06-22 13:06:40,501 - HVS-MainCore [INFO] (MainThread) - assembly_composite:72 - Frame de vista 'frontal' guardado en /home/sergio/Documentos/Refactor-Hollymatic/test-deploy/HVS-Balena V3 (Prueba)/app/temporal/images/2026-06-22/frontal.jpeg
2026-06-22 13:06:40,501 - HVS-MainCore [INFO] (MainThread) - assembly_composite:72 - Frame de vista 'backward' guardado en /home/sergio/Documentos/Refactor-Hollymatic/test-deploy/HVS-Balena V3 (Prueba)/app/temporal/images/2026-06-22/backward.jpeg
2026-06-22 13:06:40,502 - HVS-MainCore [INFO] (MainThread) - assembly_composite:72 - Frame de vista 'zenithal' guardado en /home/sergio/Documentos/Refactor-Hollymatic/test-deploy/HVS-Balena V3 (Prueba)/app/temporal/images/2026-06-22/zenithal.jpeg
2026-06-22 13:06:40,841 - HVS-MainCore [INFO] (MainThread) - assembly_composite:231 - PDF comparativo generado (3 secciones) en /home/sergio/Documentos/Refactor-Hollymatic/test-deploy/HVS-Balena V3 (Prueba)/app/temporal/images/2026-06-22/composite.pdf
2026-06-22 13:06:41,008 - HVS-MainCore [INFO] (MainThread) - assembly_composite:53 - Directorio temporal de imagenes preparado: /home/sergio/Documentos/Refactor-Hollymatic/test-deploy/HVS-Balena V3 (Prueba)/app/temporal/images
2026-06-22 13:06:41,008 - HVS-MainCore [INFO] (MainThread) - assembly_composite:72 - Frame de vista 'frontal' guardado en /home/sergio/Documentos/Refactor-Hollymatic/test-deploy/HVS-Balena V3 (Prueba)/app/temporal/images/2026-06-22/frontal.jpeg
2026-06-22 13:06:41,008 - HVS-MainCore [INFO] (MainThread) - assembly_composite:72 - Frame de vista 'backward' guardado en /home/sergio/Documentos/Refactor-Hollymatic/test-deploy/HVS-Balena V3 (Prueba)/app/temporal/images/2026-06-22/backward.jpeg
2026-06-22 13:06:41,008 - HVS-MainCore [INFO] (MainThread) - assembly_composite:72 - Frame de vista 'zenithal' guardado en /home/sergio/Documentos/Refactor-Hollymatic/test-deploy/HVS-Balena V3 (Prueba)/app/temporal/images/2026-06-22/zenithal.jpeg
2026-06-22 13:06:41,510 - HVS-MainCore [INFO] (MainThread) - assembly_composite:231 - PDF comparativo generado (5 secciones) en /home/sergio/Documentos/Refactor-Hollymatic/test-deploy/HVS-Balena V3 (Prueba)/app/temporal/images/2026-06-22/composite.pdf
2026-06-22 13:06:41,748 - HVS-MainCore [INFO] (MainThread) - assembly_composite:53 - Directorio temporal de imagenes preparado: /home/sergio/Documentos/Refactor-Hollymatic/test-deploy/HVS-Balena V3 (Prueba)/app/temporal/images
2026-06-22 13:06:41,749 - HVS-MainCore [INFO] (MainThread) - assembly_composite:72 - Frame de vista 'backward' guardado en /home/sergio/Documentos/Refactor-Hollymatic/test-deploy/HVS-Balena V3 (Prueba)/app/temporal/images/2026-06-22/backward.jpeg
2026-06-22 13:06:41,858 - HVS-MainCore [INFO] (MainThread) - assembly_composite:231 - PDF comparativo generado (1 secciones) en /home/sergio/Documentos/Refactor-Hollymatic/test-deploy/HVS-Balena V3 (Prueba)/app/temporal/images/2026-06-22/composite.pdf
2026-06-22 13:06:41,935 - HVS-MainCore [INFO] (MainThread) - assembly_composite:53 - Directorio temporal de imagenes preparado: /home/sergio/Documentos/Refactor-Hollymatic/test-deploy/HVS-Balena V3 (Prueba)/app/temporal/images
2026-06-22 13:06:41,935 - HVS-MainCore [INFO] (MainThread) - assembly_composite:72 - Frame de vista 'zenithal' guardado en /home/sergio/Documentos/Refactor-Hollymatic/test-deploy/HVS-Balena V3 (Prueba)/app/temporal/images/2026-06-22/zenithal.jpeg
2026-06-22 13:06:42,131 - HVS-MainCore [INFO] (MainThread) - assembly_composite:231 - PDF comparativo generado (2 secciones) en /home/sergio/Documentos/Refactor-Hollymatic/test-deploy/HVS-Balena V3 (Prueba)/app/temporal/images/2026-06-22/composite.pdf
2026-06-22 13:06:42,247 - HVS-MainCore [INFO] (MainThread) - assembly_composite:53 - Directorio temporal de imagenes preparado: /home/sergio/Documentos/Refactor-Hollymatic/test-deploy/HVS-Balena V3 (Prueba)/app/temporal/images
2026-06-22 13:06:42,248 - HVS-MainCore [INFO] (MainThread) - assembly_composite:72 - Frame de vista 'frontal' guardado en /home/sergio/Documentos/Refactor-Hollymatic/test-deploy/HVS-Balena V3 (Prueba)/app/temporal/images/2026-06-22/frontal.jpeg
2026-06-22 13:06:42,285 - HVS-MainCore [CRITICAL] (MainThread) - assembly_composite:120 - No existe el frame en vivo de la vista 'backward' (/home/sergio/Documentos/Refactor-Hollymatic/test-deploy/HVS-Balena V3 (Prueba)/app/temporal/images/2026-06-22/backward.jpeg) para 'RAM_ASSEMBLY_AND_DRIVE_BAR'; se omite la seccion
NoneType: None
2026-06-22 13:06:42,846 - HVS-MainCore [INFO] (MainThread) - assembly_composite:231 - PDF comparativo generado (1 secciones) en /home/sergio/Documentos/Refactor-Hollymatic/test-deploy/HVS-Balena V3 (Prueba)/app/temporal/images/2026-06-22/composite.pdf
2026-06-22 13:06:42,923 - HVS-MainCore [INFO] (MainThread) - assembly_composite:53 - Directorio temporal de imagenes preparado: /home/sergio/Documentos/Refactor-Hollymatic/test-deploy/HVS-Balena V3 (Prueba)/app/temporal/images
2026-06-22 13:06:42,962 - HVS-MainCore [CRITICAL] (MainThread) - assembly_composite:120 - No existe el frame en vivo de la vista 'backward' (/home/sergio/Documentos/Refactor-Hollymatic/test-deploy/HVS-Balena V3 (Prueba)/app/temporal/images/2026-06-22/backward.jpeg) para 'RAM_ASSEMBLY_AND_DRIVE_BAR'; se omite la seccion
NoneType: None
2026-06-22 13:06:43,358 - HVS-MainCore [CRITICAL] (MainThread) - assembly_composite:209 - No se pudo componer ninguna seccion; no se genera PDF comparativo
NoneType: None
2026-06-22 13:07:58,822 - HVS-MainCore [INFO] (MainThread) - assembly_composite:53 - Directorio temporal de imagenes preparado: /home/sergio/Documentos/Refactor-Hollymatic/test-deploy/HVS-Balena V3 (Prueba)/app/temporal/images
2026-06-22 13:07:58,822 - HVS-MainCore [INFO] (MainThread) - assembly_composite:72 - Frame de vista 'frontal' guardado en /home/sergio/Documentos/Refactor-Hollymatic/test-deploy/HVS-Balena V3 (Prueba)/app/temporal/images/2026-06-22/frontal.jpeg
2026-06-22 13:07:58,823 - HVS-MainCore [INFO] (MainThread) - assembly_composite:72 - Frame de vista 'backward' guardado en /home/sergio/Documentos/Refactor-Hollymatic/test-deploy/HVS-Balena V3 (Prueba)/app/temporal/images/2026-06-22/backward.jpeg
2026-06-22 13:07:58,823 - HVS-MainCore [INFO] (MainThread) - assembly_composite:72 - Frame de vista 'zenithal' guardado en /home/sergio/Documentos/Refactor-Hollymatic/test-deploy/HVS-Balena V3 (Prueba)/app/temporal/images/2026-06-22/zenithal.jpeg
2026-06-22 13:07:59,174 - HVS-MainCore [INFO] (MainThread) - assembly_composite:231 - PDF comparativo generado (3 secciones) en /home/sergio/Documentos/Refactor-Hollymatic/test-deploy/HVS-Balena V3 (Prueba)/app/temporal/images/2026-06-22/composite.pdf
2026-06-22 13:07:59,327 - HVS-MainCore [INFO] (MainThread) - assembly_composite:53 - Directorio temporal de imagenes preparado: /home/sergio/Documentos/Refactor-Hollymatic/test-deploy/HVS-Balena V3 (Prueba)/app/temporal/images
2026-06-22 13:07:59,327 - HVS-MainCore [INFO] (MainThread) - assembly_composite:72 - Frame de vista 'frontal' guardado en /home/sergio/Documentos/Refactor-Hollymatic/test-deploy/HVS-Balena V3 (Prueba)/app/temporal/images/2026-06-22/frontal.jpeg
2026-06-22 13:07:59,327 - HVS-MainCore [INFO] (MainThread) - assembly_composite:72 - Frame de vista 'backward' guardado en /home/sergio/Documentos/Refactor-Hollymatic/test-deploy/HVS-Balena V3 (Prueba)/app/temporal/images/2026-06-22/backward.jpeg
2026-06-22 13:07:59,328 - HVS-MainCore [INFO] (MainThread) - assembly_composite:72 - Frame de vista 'zenithal' guardado en /home/sergio/Documentos/Refactor-Hollymatic/test-deploy/HVS-Balena V3 (Prueba)/app/temporal/images/2026-06-22/zenithal.jpeg
2026-06-22 13:07:59,859 - HVS-MainCore [INFO] (MainThread) - assembly_composite:231 - PDF comparativo generado (5 secciones) en /home/sergio/Documentos/Refactor-Hollymatic/test-deploy/HVS-Balena V3 (Prueba)/app/temporal/images/2026-06-22/composite.pdf
2026-06-22 13:08:00,082 - HVS-MainCore [INFO] (MainThread) - assembly_composite:53 - Directorio temporal de imagenes preparado: /home/sergio/Documentos/Refactor-Hollymatic/test-deploy/HVS-Balena V3 (Prueba)/app/temporal/images
2026-06-22 13:08:00,083 - HVS-MainCore [INFO] (MainThread) - assembly_composite:72 - Frame de vista 'backward' guardado en /home/sergio/Documentos/Refactor-Hollymatic/test-deploy/HVS-Balena V3 (Prueba)/app/temporal/images/2026-06-22/backward.jpeg
2026-06-22 13:08:00,191 - HVS-MainCore [INFO] (MainThread) - assembly_composite:231 - PDF comparativo generado (1 secciones) en /home/sergio/Documentos/Refactor-Hollymatic/test-deploy/HVS-Balena V3 (Prueba)/app/temporal/images/2026-06-22/composite.pdf
2026-06-22 13:08:00,269 - HVS-MainCore [INFO] (MainThread) - assembly_composite:53 - Directorio temporal de imagenes preparado: /home/sergio/Documentos/Refactor-Hollymatic/test-deploy/HVS-Balena V3 (Prueba)/app/temporal/images
2026-06-22 13:08:00,269 - HVS-MainCore [INFO] (MainThread) - assembly_composite:72 - Frame de vista 'zenithal' guardado en /home/sergio/Documentos/Refactor-Hollymatic/test-deploy/HVS-Balena V3 (Prueba)/app/temporal/images/2026-06-22/zenithal.jpeg
2026-06-22 13:08:00,476 - HVS-MainCore [INFO] (MainThread) - assembly_composite:231 - PDF comparativo generado (2 secciones) en /home/sergio/Documentos/Refactor-Hollymatic/test-deploy/HVS-Balena V3 (Prueba)/app/temporal/images/2026-06-22/composite.pdf
2026-06-22 13:08:00,603 - HVS-MainCore [INFO] (MainThread) - assembly_composite:53 - Directorio temporal de imagenes preparado: /home/sergio/Documentos/Refactor-Hollymatic/test-deploy/HVS-Balena V3 (Prueba)/app/temporal/images
2026-06-22 13:08:00,604 - HVS-MainCore [INFO] (MainThread) - assembly_composite:72 - Frame de vista 'frontal' guardado en /home/sergio/Documentos/Refactor-Hollymatic/test-deploy/HVS-Balena V3 (Prueba)/app/temporal/images/2026-06-22/frontal.jpeg
2026-06-22 13:08:00,641 - HVS-MainCore [CRITICAL] (MainThread) - assembly_composite:120 - No existe el frame en vivo de la vista 'backward' (/home/sergio/Documentos/Refactor-Hollymatic/test-deploy/HVS-Balena V3 (Prueba)/app/temporal/images/2026-06-22/backward.jpeg) para 'RAM_ASSEMBLY_AND_DRIVE_BAR'; se omite la seccion
NoneType: None
2026-06-22 13:08:01,241 - HVS-MainCore [INFO] (MainThread) - assembly_composite:231 - PDF comparativo generado (1 secciones) en /home/sergio/Documentos/Refactor-Hollymatic/test-deploy/HVS-Balena V3 (Prueba)/app/temporal/images/2026-06-22/composite.pdf
2026-06-22 13:08:01,319 - HVS-MainCore [INFO] (MainThread) - assembly_composite:53 - Directorio temporal de imagenes preparado: /home/sergio/Documentos/Refactor-Hollymatic/test-deploy/HVS-Balena V3 (Prueba)/app/temporal/images
2026-06-22 13:08:01,357 - HVS-MainCore [CRITICAL] (MainThread) - assembly_composite:120 - No existe el frame en vivo de la vista 'backward' (/home/sergio/Documentos/Refactor-Hollymatic/test-deploy/HVS-Balena V3 (Prueba)/app/temporal/images/2026-06-22/backward.jpeg) para 'RAM_ASSEMBLY_AND_DRIVE_BAR'; se omite la seccion
NoneType: None
2026-06-22 13:08:02,018 - HVS-MainCore [CRITICAL] (MainThread) - assembly_composite:209 - No se pudo componer ninguna seccion; no se genera PDF comparativo
NoneType: None
